2024-11-07 01:04:07.707 | INFO     | extract:extract_data:23 - Iniciando o navegador Chrome...
2024-11-07 01:04:20.966 | INFO     | extract:extract_data:25 - Navegador iniciado com sucesso.
2024-11-07 01:04:23.444 | INFO     | extract:extract_data:30 - Acessando o site SteamDB para extração de dados...
2024-11-07 01:04:44.639 | INFO     | extract:extract_data:41 - 100 linhas de jogos encontradas.
2024-11-07 01:04:55.730 | INFO     | extract:extract_data:62 - Extração de dados concluída.
2024-11-07 01:04:55.737 | INFO     | extract:extract_data:67 - Dados extraídos e salvos em steam_sales.csv
2024-11-07 01:04:58.001 | INFO     | extract:extract_data:71 - Navegador fechado.
2024-11-07 01:05:02.075 | INFO     | __main__:main:14 - Arquivo CSV extraído: steam_sales.csv
2024-11-07 01:05:02.112 | INFO     | load:upload_to_bigquery:20 - Iniciando o processo de upload para o BigQuery...
2024-11-07 01:05:02.114 | INFO     | load:upload_to_bigquery:39 - Carregando o arquivo steam_sales.csv para a tabela sylvan-mode-441000-p3.prices.steam_prices...
2024-11-07 01:05:08.115 | INFO     | load:upload_to_bigquery:48 - Dados carregados com sucesso na tabela sylvan-mode-441000-p3.prices.steam_prices.
2024-11-07 01:05:08.115 | INFO     | __main__:main:22 - Processo de upload concluído com sucesso.
2024-11-07 01:09:28.172 | INFO     | extract:extract_data:23 - Iniciando o navegador Chrome...
2024-11-07 01:09:41.756 | INFO     | extract:extract_data:25 - Navegador iniciado com sucesso.
2024-11-07 01:09:44.253 | INFO     | extract:extract_data:30 - Acessando o site SteamDB para extração de dados...
2024-11-07 01:10:05.220 | INFO     | extract:extract_data:41 - 100 linhas de jogos encontradas.
2024-11-07 01:10:15.748 | INFO     | extract:extract_data:62 - Extração de dados concluída.
2024-11-07 01:10:15.754 | INFO     | extract:extract_data:67 - Dados extraídos e salvos em steam_sales.csv
2024-11-07 01:10:18.035 | INFO     | extract:extract_data:71 - Navegador fechado.
2024-11-07 01:10:22.106 | INFO     | __main__:main:14 - Arquivo CSV extraído: steam_sales.csv
2024-11-07 01:10:22.108 | INFO     | load:upload_to_bigquery:20 - Iniciando o processo de upload para o BigQuery...
2024-11-07 01:10:22.110 | INFO     | load:upload_to_bigquery:42 - Substituindo os dados na tabela sylvan-mode-441000-p3.prices.steam_prices...
2024-11-07 01:10:27.403 | INFO     | load:upload_to_bigquery:55 - Dados carregados com sucesso na tabela sylvan-mode-441000-p3.prices.steam_prices.
2024-11-07 01:10:27.403 | INFO     | __main__:main:22 - Processo de upload concluído com sucesso.
