2024-11-06 23:50:27.800 | INFO     | __main__:<module>:35 - Iniciando o navegador Chrome...
2024-11-06 23:50:41.664 | INFO     | __main__:<module>:37 - Navegador iniciado com sucesso.
2024-11-06 23:50:43.956 | INFO     | __main__:<module>:42 - Acessando o site SteamDB para extração de dados...
2024-11-06 23:50:57.682 | INFO     | __main__:scroll_down_page:19 - Página rolada até o final.
2024-11-06 23:51:04.699 | INFO     | __main__:<module>:53 - 100 linhas de jogos encontradas.
2024-11-06 23:51:15.672 | INFO     | __main__:<module>:74 - Extração de dados concluída.
2024-11-06 23:51:15.679 | INFO     | __main__:<module>:79 - Dados extraídos e salvos em steam_sales.csv
2024-11-06 23:51:17.970 | INFO     | __main__:<module>:83 - Navegador fechado.
2024-11-07 00:00:20.674 | INFO     | __main__:<module>:29 - Acessando o site SteamDB para extração de dados...
2024-11-07 00:00:27.690 | INFO     | __main__:<module>:41 - 100 linhas de jogos encontradas.
2024-11-07 00:02:38.011 | INFO     | __main__:<module>:22 - Iniciando o navegador Chrome...
2024-11-07 00:02:51.065 | INFO     | __main__:<module>:24 - Navegador iniciado com sucesso.
2024-11-07 00:02:53.535 | INFO     | __main__:<module>:29 - Acessando o site SteamDB para extração de dados...
2024-11-07 00:03:00.550 | INFO     | __main__:<module>:41 - 100 linhas de jogos encontradas.
2024-11-07 00:03:11.286 | INFO     | __main__:<module>:62 - Extração de dados concluída.
2024-11-07 00:03:11.292 | INFO     | __main__:<module>:67 - Dados extraídos e salvos em steam_sales.csv
2024-11-07 00:03:13.571 | INFO     | __main__:<module>:71 - Navegador fechado.
2024-11-07 00:04:36.259 | INFO     | __main__:<module>:22 - Iniciando o navegador Chrome...
2024-11-07 00:04:49.248 | INFO     | __main__:<module>:24 - Navegador iniciado com sucesso.
2024-11-07 00:04:51.646 | INFO     | __main__:<module>:29 - Acessando o site SteamDB para extração de dados...
2024-11-07 00:05:12.367 | INFO     | __main__:<module>:41 - 100 linhas de jogos encontradas.
2024-11-07 00:05:22.905 | INFO     | __main__:<module>:62 - Extração de dados concluída.
2024-11-07 00:05:22.911 | INFO     | __main__:<module>:67 - Dados extraídos e salvos em steam_sales.csv
2024-11-07 00:05:25.221 | INFO     | __main__:<module>:71 - Navegador fechado.
2024-11-07 00:28:46.093 | INFO     | extract:extract_data:23 - Iniciando o navegador Chrome...
2024-11-07 00:28:59.654 | INFO     | extract:extract_data:25 - Navegador iniciado com sucesso.
2024-11-07 00:29:02.080 | INFO     | extract:extract_data:30 - Acessando o site SteamDB para extração de dados...
2024-11-07 00:29:22.819 | INFO     | extract:extract_data:41 - 100 linhas de jogos encontradas.
2024-11-07 00:29:33.114 | INFO     | extract:extract_data:62 - Extração de dados concluída.
2024-11-07 00:29:33.120 | INFO     | extract:extract_data:67 - Dados extraídos e salvos em steam_sales.csv
2024-11-07 00:29:35.413 | INFO     | extract:extract_data:71 - Navegador fechado.
2024-11-07 01:04:07.707 | INFO     | extract:extract_data:23 - Iniciando o navegador Chrome...
2024-11-07 01:04:20.966 | INFO     | extract:extract_data:25 - Navegador iniciado com sucesso.
2024-11-07 01:04:23.444 | INFO     | extract:extract_data:30 - Acessando o site SteamDB para extração de dados...
2024-11-07 01:04:44.639 | INFO     | extract:extract_data:41 - 100 linhas de jogos encontradas.
2024-11-07 01:04:55.730 | INFO     | extract:extract_data:62 - Extração de dados concluída.
2024-11-07 01:04:55.737 | INFO     | extract:extract_data:67 - Dados extraídos e salvos em steam_sales.csv
2024-11-07 01:04:58.001 | INFO     | extract:extract_data:71 - Navegador fechado.
2024-11-07 01:05:02.075 | INFO     | __main__:main:14 - Arquivo CSV extraído: steam_sales.csv
2024-11-07 01:05:02.112 | INFO     | load:upload_to_bigquery:20 - Iniciando o processo de upload para o BigQuery...
2024-11-07 01:05:02.114 | INFO     | load:upload_to_bigquery:39 - Carregando o arquivo steam_sales.csv para a tabela sylvan-mode-441000-p3.prices.steam_prices...
2024-11-07 01:05:08.115 | INFO     | load:upload_to_bigquery:48 - Dados carregados com sucesso na tabela sylvan-mode-441000-p3.prices.steam_prices.
2024-11-07 01:05:08.115 | INFO     | __main__:main:22 - Processo de upload concluído com sucesso.
2024-11-07 01:09:28.172 | INFO     | extract:extract_data:23 - Iniciando o navegador Chrome...
2024-11-07 01:09:41.756 | INFO     | extract:extract_data:25 - Navegador iniciado com sucesso.
2024-11-07 01:09:44.253 | INFO     | extract:extract_data:30 - Acessando o site SteamDB para extração de dados...
2024-11-07 01:10:05.220 | INFO     | extract:extract_data:41 - 100 linhas de jogos encontradas.
2024-11-07 01:10:15.748 | INFO     | extract:extract_data:62 - Extração de dados concluída.
2024-11-07 01:10:15.754 | INFO     | extract:extract_data:67 - Dados extraídos e salvos em steam_sales.csv
2024-11-07 01:10:18.035 | INFO     | extract:extract_data:71 - Navegador fechado.
2024-11-07 01:10:22.106 | INFO     | __main__:main:14 - Arquivo CSV extraído: steam_sales.csv
2024-11-07 01:10:22.108 | INFO     | load:upload_to_bigquery:20 - Iniciando o processo de upload para o BigQuery...
2024-11-07 01:10:22.110 | INFO     | load:upload_to_bigquery:42 - Substituindo os dados na tabela sylvan-mode-441000-p3.prices.steam_prices...
2024-11-07 01:10:27.403 | INFO     | load:upload_to_bigquery:55 - Dados carregados com sucesso na tabela sylvan-mode-441000-p3.prices.steam_prices.
2024-11-07 01:10:27.403 | INFO     | __main__:main:22 - Processo de upload concluído com sucesso.
